The flag 'directory' used in rule all is only valid for outputs, not inputs.
Building DAG of jobs...
Using shell: /bin/bash
Provided cores: 1
Rules claiming more threads will be scaled down.
Job counts:
	count	jobs
	1	all
	1	deepbinner_bin
	1	deepbinner_classify
	3

[Tue Jul 23 11:09:14 2019]
rule deepbinner_classify:
    output: mpp_output_dir/fast5_both, mpp_output_dir/merged.fastq, mpp_output_dir/classification, mpp_output_dir/fast5_single
    jobid: 1

[Tue Jul 23 11:13:23 2019]
Finished job 1.
1 of 3 steps (33%) done

[Tue Jul 23 11:13:23 2019]
rule deepbinner_bin:
    input: mpp_output_dir/classification, mpp_output_dir/merged.fastq
    output: mpp_output_dir/fastq
    jobid: 2

[Tue Jul 23 11:13:24 2019]
Finished job 2.
2 of 3 steps (67%) done

[Tue Jul 23 11:13:24 2019]
localrule all:
    input: mpp_output_dir/fast5_both, mpp_output_dir/fast5_single, mpp_output_dir/classification, mpp_output_dir/merged.fastq, mpp_output_dir/fastq
    jobid: 0

[Tue Jul 23 11:13:24 2019]
Finished job 0.
3 of 3 steps (100%) done
Complete log: /media/F/anatoly_data/minion_pipe/minionPostProcess/.snakemake/log/2019-07-23T110914.057868.snakemake.log
